Log file
------------------------------------------------------------------------------------------
2018-10-31 21:47:54 | log        | INFO     | Log file initialized.
2018-10-31 21:47:54 | gui        | INFO     | Add connection 1
2018-10-31 21:47:55 | gui        | INFO     | Prepared to send a string.
2018-10-31 21:47:55 | Connection 1 | DEBUG    | SERVER | Set the sleep time between two consecutive messages to 1.0 seconds as defined in the config.json file.
2018-10-31 21:47:58 | Connection 1 | INFO     | SERVER | Created server at (host, port) = (127.0.0.1, 5000).
2018-10-31 21:47:58 | Connection 1 | INFO     | SERVER | Listening for connections.
2018-10-31 21:47:59 | Connection 1 | INFO     | SERVER | Connection to client accepted.
2018-10-31 21:47:59 | Connection 1 | INFO     | SERVER | Start receiving messages.
2018-10-31 21:48:00 | Connection 1 | WARNING  | ABB | Hello there!
2018-10-31 22:02:17 | Connection 1 | INFO     | SERVER | Stop receiving messages.
2018-10-31 22:02:17 | Connection 1 | INFO     | SERVER | Close connection to client.
2018-10-31 22:02:17 | Connection 1 | INFO     | SERVER | Close socket.
2018-10-31 22:02:18 | Connection 1 | INFO     | SERVER | Created server at (host, port) = (127.0.0.1, 5000).
2018-10-31 22:02:18 | Connection 1 | INFO     | SERVER | Listening for connections.
2018-10-31 22:02:23 | Connection 1 | INFO     | SERVER | Connection to client accepted.
2018-10-31 22:02:23 | Connection 1 | INFO     | SERVER | Start receiving messages.
2018-10-31 22:02:24 | Connection 1 | WARNING  | ABB | Hello there!
2018-10-31 22:02:26 | Connection 1 | INFO     | SERVER | Stop receiving messages.
2018-10-31 22:02:26 | Connection 1 | INFO     | SERVER | Start receiving messages.
2018-10-31 22:02:36 | Connection 1 | DEBUG    | SERVER | Send length of message: 21
2018-10-31 22:02:36 | Connection 1 | DEBUG    | SERVER | Send original message: 111123nhkkkkkkkkkkkkk
2018-10-31 22:02:36 | Connection 1 | INFO     | SERVER | Message was sent.
2018-10-31 22:02:37 | Connection 1 | WARNING  | ABB | Hello there!
2018-10-31 22:02:38 | Connection 1 | WARNING  | ABB | Hello there!
